Determining if the pthread_create exist failed with the following output:
Change Dir: /home/yao/pcl-study/GujiyizuBiaomianfaxian/build/CMakeFiles/CMakeTmp

Run Build Command:"/usr/bin/make" "cmTC_e36bb/fast"
/usr/bin/make -f CMakeFiles/cmTC_e36bb.dir/build.make CMakeFiles/cmTC_e36bb.dir/build
make[1]: Entering directory '/home/yao/pcl-study/GujiyizuBiaomianfaxian/build/CMakeFiles/CMakeTmp'
Building C object CMakeFiles/cmTC_e36bb.dir/CheckSymbolExists.c.o
/usr/bin/cc     -o CMakeFiles/cmTC_e36bb.dir/CheckSymbolExists.c.o   -c /home/yao/pcl-study/GujiyizuBiaomianfaxian/build/CMakeFiles/CMakeTmp/CheckSymbolExists.c
Linking C executable cmTC_e36bb
/usr/bin/cmake -E cmake_link_script CMakeFiles/cmTC_e36bb.dir/link.txt --verbose=1
/usr/bin/cc       CMakeFiles/cmTC_e36bb.dir/CheckSymbolExists.c.o  -o cmTC_e36bb -rdynamic 
CMakeFiles/cmTC_e36bb.dir/CheckSymbolExists.c.o：在函数‘main’中：
CheckSymbolExists.c:(.text+0x16)：对‘pthread_create’未定义的引用
collect2: error: ld returned 1 exit status
CMakeFiles/cmTC_e36bb.dir/build.make:97: recipe for target 'cmTC_e36bb' failed
make[1]: *** [cmTC_e36bb] Error 1
make[1]: Leaving directory '/home/yao/pcl-study/GujiyizuBiaomianfaxian/build/CMakeFiles/CMakeTmp'
Makefile:126: recipe for target 'cmTC_e36bb/fast' failed
make: *** [cmTC_e36bb/fast] Error 2

File /home/yao/pcl-study/GujiyizuBiaomianfaxian/build/CMakeFiles/CMakeTmp/CheckSymbolExists.c:
/* */
#include <pthread.h>

int main(int argc, char** argv)
{
  (void)argv;
#ifndef pthread_create
  return ((int*)(&pthread_create))[argc];
#else
  (void)argc;
  return 0;
#endif
}

Determining if the function pthread_create exists in the pthreads failed with the following output:
Change Dir: /home/yao/pcl-study/GujiyizuBiaomianfaxian/build/CMakeFiles/CMakeTmp

Run Build Command:"/usr/bin/make" "cmTC_7c492/fast"
/usr/bin/make -f CMakeFiles/cmTC_7c492.dir/build.make CMakeFiles/cmTC_7c492.dir/build
make[1]: Entering directory '/home/yao/pcl-study/GujiyizuBiaomianfaxian/build/CMakeFiles/CMakeTmp'
Building C object CMakeFiles/cmTC_7c492.dir/CheckFunctionExists.c.o
/usr/bin/cc    -DCHECK_FUNCTION_EXISTS=pthread_create   -o CMakeFiles/cmTC_7c492.dir/CheckFunctionExists.c.o   -c /usr/share/cmake-3.5/Modules/CheckFunctionExists.c
Linking C executable cmTC_7c492
/usr/bin/cmake -E cmake_link_script CMakeFiles/cmTC_7c492.dir/link.txt --verbose=1
/usr/bin/cc   -DCHECK_FUNCTION_EXISTS=pthread_create    CMakeFiles/cmTC_7c492.dir/CheckFunctionExists.c.o  -o cmTC_7c492 -rdynamic -lpthreads 
/usr/bin/ld: 找不到 -lpthreads
collect2: error: ld returned 1 exit status
CMakeFiles/cmTC_7c492.dir/build.make:97: recipe for target 'cmTC_7c492' failed
make[1]: *** [cmTC_7c492] Error 1
make[1]: Leaving directory '/home/yao/pcl-study/GujiyizuBiaomianfaxian/build/CMakeFiles/CMakeTmp'
Makefile:126: recipe for target 'cmTC_7c492/fast' failed
make: *** [cmTC_7c492/fast] Error 2


