Determining if the pthread_create exist failed with the following output:
Change Dir: /home/yao/workspace/pcl-study/narf_feature_extraction/build/CMakeFiles/CMakeTmp

Run Build Command:"/usr/bin/make" "cmTC_7dd3d/fast"
/usr/bin/make -f CMakeFiles/cmTC_7dd3d.dir/build.make CMakeFiles/cmTC_7dd3d.dir/build
make[1]: Entering directory '/home/yao/workspace/pcl-study/narf_feature_extraction/build/CMakeFiles/CMakeTmp'
Building C object CMakeFiles/cmTC_7dd3d.dir/CheckSymbolExists.c.o
/usr/bin/cc     -o CMakeFiles/cmTC_7dd3d.dir/CheckSymbolExists.c.o   -c /home/yao/workspace/pcl-study/narf_feature_extraction/build/CMakeFiles/CMakeTmp/CheckSymbolExists.c
Linking C executable cmTC_7dd3d
/usr/bin/cmake -E cmake_link_script CMakeFiles/cmTC_7dd3d.dir/link.txt --verbose=1
/usr/bin/cc       CMakeFiles/cmTC_7dd3d.dir/CheckSymbolExists.c.o  -o cmTC_7dd3d -rdynamic 
CMakeFiles/cmTC_7dd3d.dir/CheckSymbolExists.c.o：在函数‘main’中：
CheckSymbolExists.c:(.text+0x16)：对‘pthread_create’未定义的引用
collect2: error: ld returned 1 exit status
CMakeFiles/cmTC_7dd3d.dir/build.make:97: recipe for target 'cmTC_7dd3d' failed
make[1]: *** [cmTC_7dd3d] Error 1
make[1]: Leaving directory '/home/yao/workspace/pcl-study/narf_feature_extraction/build/CMakeFiles/CMakeTmp'
Makefile:126: recipe for target 'cmTC_7dd3d/fast' failed
make: *** [cmTC_7dd3d/fast] Error 2

File /home/yao/workspace/pcl-study/narf_feature_extraction/build/CMakeFiles/CMakeTmp/CheckSymbolExists.c:
/* */
#include <pthread.h>

int main(int argc, char** argv)
{
  (void)argv;
#ifndef pthread_create
  return ((int*)(&pthread_create))[argc];
#else
  (void)argc;
  return 0;
#endif
}

Determining if the function pthread_create exists in the pthreads failed with the following output:
Change Dir: /home/yao/workspace/pcl-study/narf_feature_extraction/build/CMakeFiles/CMakeTmp

Run Build Command:"/usr/bin/make" "cmTC_4897e/fast"
/usr/bin/make -f CMakeFiles/cmTC_4897e.dir/build.make CMakeFiles/cmTC_4897e.dir/build
make[1]: Entering directory '/home/yao/workspace/pcl-study/narf_feature_extraction/build/CMakeFiles/CMakeTmp'
Building C object CMakeFiles/cmTC_4897e.dir/CheckFunctionExists.c.o
/usr/bin/cc    -DCHECK_FUNCTION_EXISTS=pthread_create   -o CMakeFiles/cmTC_4897e.dir/CheckFunctionExists.c.o   -c /usr/share/cmake-3.5/Modules/CheckFunctionExists.c
Linking C executable cmTC_4897e
/usr/bin/cmake -E cmake_link_script CMakeFiles/cmTC_4897e.dir/link.txt --verbose=1
/usr/bin/cc   -DCHECK_FUNCTION_EXISTS=pthread_create    CMakeFiles/cmTC_4897e.dir/CheckFunctionExists.c.o  -o cmTC_4897e -rdynamic -lpthreads 
/usr/bin/ld: 找不到 -lpthreads
collect2: error: ld returned 1 exit status
CMakeFiles/cmTC_4897e.dir/build.make:97: recipe for target 'cmTC_4897e' failed
make[1]: *** [cmTC_4897e] Error 1
make[1]: Leaving directory '/home/yao/workspace/pcl-study/narf_feature_extraction/build/CMakeFiles/CMakeTmp'
Makefile:126: recipe for target 'cmTC_4897e/fast' failed
make: *** [cmTC_4897e/fast] Error 2


