Performing C SOURCE FILE Test CMAKE_HAVE_LIBC_PTHREAD failed with the following output:
Change Dir: /home/bdca/workspace/pcl_study/pcd_write/build/CMakeFiles/CMakeTmp

Run Build Command(s):/usr/bin/make cmTC_cc423/fast && /usr/bin/make  -f CMakeFiles/cmTC_cc423.dir/build.make CMakeFiles/cmTC_cc423.dir/build
make[1]: 进入目录“/home/bdca/workspace/pcl_study/pcd_write/build/CMakeFiles/CMakeTmp”
Building C object CMakeFiles/cmTC_cc423.dir/src.c.o
/usr/bin/cc -DCMAKE_HAVE_LIBC_PTHREAD   -o CMakeFiles/cmTC_cc423.dir/src.c.o -c /home/bdca/workspace/pcl_study/pcd_write/build/CMakeFiles/CMakeTmp/src.c
Linking C executable cmTC_cc423
/usr/local/bin/cmake -E cmake_link_script CMakeFiles/cmTC_cc423.dir/link.txt --verbose=1
/usr/bin/cc -rdynamic CMakeFiles/cmTC_cc423.dir/src.c.o -o cmTC_cc423 
CMakeFiles/cmTC_cc423.dir/src.c.o：在函数‘main’中：
src.c:(.text+0x3e)：对‘pthread_create’未定义的引用
src.c:(.text+0x4a)：对‘pthread_detach’未定义的引用
src.c:(.text+0x56)：对‘pthread_cancel’未定义的引用
src.c:(.text+0x67)：对‘pthread_join’未定义的引用
src.c:(.text+0x7b)：对‘pthread_atfork’未定义的引用
collect2: error: ld returned 1 exit status
CMakeFiles/cmTC_cc423.dir/build.make:105: recipe for target 'cmTC_cc423' failed
make[1]: *** [cmTC_cc423] Error 1
make[1]: 离开目录“/home/bdca/workspace/pcl_study/pcd_write/build/CMakeFiles/CMakeTmp”
Makefile:140: recipe for target 'cmTC_cc423/fast' failed
make: *** [cmTC_cc423/fast] Error 2


Source file was:
#include <pthread.h>

static void* test_func(void* data)
{
  return data;
}

int main(void)
{
  pthread_t thread;
  pthread_create(&thread, NULL, test_func, NULL);
  pthread_detach(thread);
  pthread_cancel(thread);
  pthread_join(thread, NULL);
  pthread_atfork(NULL, NULL, NULL);
  pthread_exit(NULL);

  return 0;
}

Determining if the function pthread_create exists in the pthreads failed with the following output:
Change Dir: /home/bdca/workspace/pcl_study/pcd_write/build/CMakeFiles/CMakeTmp

Run Build Command(s):/usr/bin/make cmTC_ae7ee/fast && /usr/bin/make  -f CMakeFiles/cmTC_ae7ee.dir/build.make CMakeFiles/cmTC_ae7ee.dir/build
make[1]: 进入目录“/home/bdca/workspace/pcl_study/pcd_write/build/CMakeFiles/CMakeTmp”
Building C object CMakeFiles/cmTC_ae7ee.dir/CheckFunctionExists.c.o
/usr/bin/cc   -DCHECK_FUNCTION_EXISTS=pthread_create -o CMakeFiles/cmTC_ae7ee.dir/CheckFunctionExists.c.o -c /usr/local/share/cmake-3.19/Modules/CheckFunctionExists.c
Linking C executable cmTC_ae7ee
/usr/local/bin/cmake -E cmake_link_script CMakeFiles/cmTC_ae7ee.dir/link.txt --verbose=1
/usr/bin/cc  -DCHECK_FUNCTION_EXISTS=pthread_create -rdynamic CMakeFiles/cmTC_ae7ee.dir/CheckFunctionExists.c.o -o cmTC_ae7ee  -lpthreads 
/usr/bin/ld: 找不到 -lpthreads
collect2: error: ld returned 1 exit status
CMakeFiles/cmTC_ae7ee.dir/build.make:105: recipe for target 'cmTC_ae7ee' failed
make[1]: *** [cmTC_ae7ee] Error 1
make[1]: 离开目录“/home/bdca/workspace/pcl_study/pcd_write/build/CMakeFiles/CMakeTmp”
Makefile:140: recipe for target 'cmTC_ae7ee/fast' failed
make: *** [cmTC_ae7ee/fast] Error 2



